{
  "stats": {
    "suites": 1,
    "tests": 1,
    "passes": 1,
    "pending": 0,
    "failures": 0,
    "start": "2026-09-10T13:29:42.611Z",
    "end": "2026-09-10T13:29:45.799Z",
    "duration": 3188,
    "testsRegistered": 1,
    "passPercent": 100,
    "pendingPercent": 0,
    "other": 0,
    "hasOther": false,
    "skipped": 0,
    "hasSkipped": false
  },
  "results": [
    {
      "uuid": "40078d94-ad3b-40bc-9291-b05897e2b49a",
      "title": "",
      "fullFile": "cypress\\e2e\\e2e\\sauceDemoCheckout.cy.js",
      "file": "cypress\\e2e\\e2e\\sauceDemoCheckout.cy.js",
      "beforeHooks": [],
      "afterHooks": [],
      "tests": [],
      "suites": [
        {
          "uuid": "3c8bdfe0-35a3-4c18-a0d2-9235616de15a",
          "title": "E2E - SauceDemo - Flujo de compra",
          "fullFile": "",
          "file": "",
          "beforeHooks": [],
          "afterHooks": [],
          "tests": [
            {
              "title": "Debe completar exitosamente el flujo de compra con dos productos",
              "fullTitle": "E2E - SauceDemo - Flujo de compra Debe completar exitosamente el flujo de compra con dos productos",
              "timedOut": null,
              "duration": 3121,
              "state": "passed",
              "speed": "fast",
              "pass": true,
              "fail": false,
              "pending": false,
              "context": null,
              "code": "// ==========================================\n// 1. AUTENTICACIÓN\n// ==========================================\nloginPage.login(checkoutData.username, checkoutData.password);\ncy.url().should('include', '/inventory.html');\n// ==========================================\n// 2. AGREGAR DOS PRODUCTOS\n// ==========================================\nproductsPage.addBackpack();\nproductsPage.addBikeLight();\nproductsPage.validateProductsAdded(2);\n// ==========================================\n// 3. VISUALIZAR CARRITO\n// ==========================================\nproductsPage.clickCart();\ncartPage.validateCartUrl();\ncartPage.validateProduct('Sauce Labs Backpack');\ncartPage.validateProduct('Sauce Labs Bike Light');\n// ==========================================\n// 4. CHECKOUT\n// ==========================================\ncartPage.clickCheckout();\ncheckoutPage.enterFirstName(checkoutData.firstName);\ncheckoutPage.enterLastName(checkoutData.lastName);\ncheckoutPage.enterPostalCode(checkoutData.postalCode);\ncheckoutPage.clickContinue();\n// ==========================================\n// 5. FINALIZAR COMPRA\n// ==========================================\ncheckoutPage.clickFinish();\n// ==========================================\n// 6. VALIDAR CONFIRMACIÓN\n// ==========================================\ncheckoutPage.validateConfirmation();",
              "err": {},
              "uuid": "cd36fda9-20f6-4b1b-9a70-1950ea31123f",
              "parentUUID": "3c8bdfe0-35a3-4c18-a0d2-9235616de15a",
              "isHook": false,
              "skipped": false
            }
          ],
          "suites": [],
          "passes": [
            "cd36fda9-20f6-4b1b-9a70-1950ea31123f"
          ],
          "failures": [],
          "pending": [],
          "skipped": [],
          "duration": 3121,
          "root": false,
          "rootEmpty": false,
          "_timeout": 2000
        }
      ],
      "passes": [],
      "failures": [],
      "pending": [],
      "skipped": [],
      "duration": 0,
      "root": true,
      "rootEmpty": true,
      "_timeout": 2000
    }
  ],
  "meta": {
    "mocha": {
      "version": "7.2.0"
    },
    "mochawesome": {
      "options": {
        "quiet": false,
        "reportFilename": "mochawesome",
        "saveHtml": false,
        "saveJson": true,
        "consoleReporter": "spec",
        "useInlineDiffs": false,
        "code": true
      },
      "version": "8.0.1"
    },
    "marge": {
      "options": {
        "reportDir": "reports",
        "overwrite": false,
        "html": false,
        "json": true
      },
      "version": "6.3.2"
    }
  }
}